2023-02-06 23:55:05,289 [main] INFO DEMO_NOPECommerce - ********URL Is Opened*********
2023-02-06 23:55:05,351 [main] INFO DEMO_NOPECommerce - ********Providing Names*********
2023-02-06 23:55:06,014 [main] INFO DEMO_NOPECommerce - ********Clicking Login *********
2023-02-06 23:55:21,799 [main] INFO DEMO_NOPECommerce - ******** Checking Title *********
2023-02-06 23:55:22,110 [main] INFO DEMO_NOPECommerce - ******** Clicked on Customers Menu*********
2023-02-06 23:55:26,037 [main] INFO DEMO_NOPECommerce - ******** Clicking on Sub Customers Menu*********
2023-02-06 23:55:34,321 [main] INFO DEMO_NOPECommerce - ******** Clicking Add New Button*********
2023-02-06 23:55:38,897 [main] INFO DEMO_NOPECommerce - ********Checking Title*********
2023-02-06 23:55:38,952 [main] INFO DEMO_NOPECommerce - ******** Entering Details*********
2023-02-06 23:55:39,220 [main] INFO DEMO_NOPECommerce - ********Email Given*********
2023-02-06 23:55:39,443 [main] INFO DEMO_NOPECommerce - ********Password Given*********
2023-02-06 23:55:43,600 [main] INFO DEMO_NOPECommerce - ********Comments Given*********
2023-02-06 23:55:47,435 [main] INFO DEMO_NOPECommerce - ********Vendor Given*********
2023-02-06 23:55:49,772 [main] INFO DEMO_NOPECommerce - ********Clicked on Save Button*********
2023-02-06 23:55:52,324 [main] INFO DEMO_NOPECommerce - ********Customer added is Validated*********
2023-02-06 23:55:52,326 [main] INFO DEMO_NOPECommerce - ******** Browser Closing *********
2023-02-06 23:56:01,304 [main] INFO DEMO_NOPECommerce - ********URL Is Opened*********
2023-02-06 23:56:01,306 [main] INFO DEMO_NOPECommerce - ********Providing Names*********
2023-02-06 23:56:01,844 [main] INFO DEMO_NOPECommerce - ********Clicking Login *********
2023-02-06 23:56:05,539 [main] INFO DEMO_NOPECommerce - ******** Checking Title *********
2023-02-06 23:56:05,555 [main] INFO DEMO_NOPECommerce - ******** Clicked on Customers Menu*********
2023-02-06 23:56:07,885 [main] INFO DEMO_NOPECommerce - ******** Clicking on Sub Customers Menu*********
2023-02-06 23:56:13,180 [main] INFO DEMO_NOPECommerce - ********Email is Validated*********
2023-02-06 23:56:13,423 [main] INFO DEMO_NOPECommerce - ********Search button is Clicked*********
2023-02-06 23:56:15,556 [main] INFO DEMO_NOPECommerce - ********Email is Validated too*********
2023-02-06 23:56:15,559 [main] INFO DEMO_NOPECommerce - ******** Browser Closing *********
2023-02-06 23:56:23,822 [main] INFO DEMO_NOPECommerce - ********URL Is Opened*********
2023-02-06 23:56:23,823 [main] INFO DEMO_NOPECommerce - ********Providing Names*********
2023-02-06 23:56:24,313 [main] INFO DEMO_NOPECommerce - ********Clicking Login *********
2023-02-06 23:56:29,585 [main] INFO DEMO_NOPECommerce - ******** Checking Title *********
2023-02-06 23:56:29,605 [main] INFO DEMO_NOPECommerce - ******** Clicked on Customers Menu*********
2023-02-06 23:56:31,826 [main] INFO DEMO_NOPECommerce - ******** Clicking on Sub Customers Menu*********
2023-02-06 23:56:37,308 [main] INFO DEMO_NOPECommerce - ********FirstName is Validated*********
2023-02-06 23:56:37,750 [main] INFO DEMO_NOPECommerce - ********LastName is Validated*********
2023-02-06 23:56:37,997 [main] INFO DEMO_NOPECommerce - ********Search button is Clicked*********
2023-02-06 23:56:40,290 [main] INFO DEMO_NOPECommerce - ********Name is Validated*********
2023-02-06 23:56:40,298 [main] INFO DEMO_NOPECommerce - ******** Browser Closing *********
2023-02-07 00:36:31,162 [main] INFO DEMO_NOPECommerce - ********URL Is Opened*********
2023-02-07 00:36:31,517 [main] INFO DEMO_NOPECommerce - ********Providing Names*********
2023-02-07 00:36:36,167 [main] INFO DEMO_NOPECommerce - ********Clicking Login *********
2023-02-07 00:36:47,544 [main] INFO DEMO_NOPECommerce - ******** Checking Title *********
2023-02-07 00:36:47,744 [main] INFO DEMO_NOPECommerce - ******** Clicked on Customers Menu*********
2023-02-07 00:36:51,658 [main] INFO DEMO_NOPECommerce - ******** Clicking on Sub Customers Menu*********
2023-02-07 00:36:56,278 [main] INFO DEMO_NOPECommerce - ******** Clicking Add New Button*********
2023-02-07 00:36:58,862 [main] INFO DEMO_NOPECommerce - ********Checking Title*********
2023-02-07 00:36:58,878 [main] INFO DEMO_NOPECommerce - ******** Entering Details*********
2023-02-07 00:36:59,623 [main] INFO DEMO_NOPECommerce - ********Email Given*********
2023-02-07 00:36:59,837 [main] INFO DEMO_NOPECommerce - ********Password Given*********
2023-02-07 00:37:20,892 [main] INFO DEMO_NOPECommerce - ********URL Is Opened*********
2023-02-07 00:37:20,892 [main] INFO DEMO_NOPECommerce - ********Providing Names*********
2023-02-07 00:37:21,248 [main] INFO DEMO_NOPECommerce - ********Clicking Login *********
2023-02-07 00:37:24,767 [main] INFO DEMO_NOPECommerce - ******** Checking Title *********
2023-02-07 00:37:24,778 [main] INFO DEMO_NOPECommerce - ******** Clicked on Customers Menu*********
2023-02-07 00:37:28,001 [main] INFO DEMO_NOPECommerce - ******** Clicking on Sub Customers Menu*********
2023-02-07 00:37:32,388 [main] INFO DEMO_NOPECommerce - ********Email is Validated*********
2023-02-07 00:37:32,770 [main] INFO DEMO_NOPECommerce - ********Search button is Clicked*********
2023-02-07 00:37:34,980 [main] INFO DEMO_NOPECommerce - ********Email is Validated too*********
2023-02-07 00:37:34,982 [main] INFO DEMO_NOPECommerce - ******** Browser Closing *********
2023-02-07 00:37:57,417 [main] INFO DEMO_NOPECommerce - ********URL Is Opened*********
2023-02-07 00:37:57,419 [main] INFO DEMO_NOPECommerce - ********Providing Names*********
2023-02-07 00:37:57,798 [main] INFO DEMO_NOPECommerce - ********Clicking Login *********
2023-02-07 00:38:00,885 [main] INFO DEMO_NOPECommerce - ******** Checking Title *********
2023-02-07 00:38:00,896 [main] INFO DEMO_NOPECommerce - ******** Clicked on Customers Menu*********
2023-02-07 00:38:04,221 [main] INFO DEMO_NOPECommerce - ******** Clicking on Sub Customers Menu*********
2023-02-07 00:38:07,907 [main] INFO DEMO_NOPECommerce - ********FirstName is Validated*********
2023-02-07 00:38:08,102 [main] INFO DEMO_NOPECommerce - ********LastName is Validated*********
2023-02-07 00:38:08,470 [main] INFO DEMO_NOPECommerce - ********Search button is Clicked*********
2023-02-07 00:38:10,563 [main] INFO DEMO_NOPECommerce - ********Name is Validated*********
2023-02-07 00:38:10,564 [main] INFO DEMO_NOPECommerce - ******** Browser Closing *********
2023-02-07 00:45:30,196 [main] INFO DEMO_NOPECommerce - ********URL Is Opened*********
2023-02-07 00:45:30,206 [main] INFO DEMO_NOPECommerce - ********Providing Names*********
2023-02-07 00:45:31,258 [main] INFO DEMO_NOPECommerce - ********Clicking Login *********
2023-02-07 00:45:42,072 [main] INFO DEMO_NOPECommerce - ******** Checking Title *********
2023-02-07 00:45:42,118 [main] INFO DEMO_NOPECommerce - ******** Clicked on Customers Menu*********
2023-02-07 00:45:44,868 [main] INFO DEMO_NOPECommerce - ******** Clicking on Sub Customers Menu*********
2023-02-07 00:45:56,662 [main] INFO DEMO_NOPECommerce - ******** Clicking Add New Button*********
2023-02-07 00:46:27,444 [main] INFO DEMO_NOPECommerce - ********Checking Title*********
2023-02-07 00:46:27,567 [main] INFO DEMO_NOPECommerce - ******** Entering Details*********
2023-02-07 00:46:28,645 [main] INFO DEMO_NOPECommerce - ********Email Given*********
2023-02-07 00:46:29,102 [main] INFO DEMO_NOPECommerce - ********Password Given*********
2023-02-07 00:46:35,161 [main] INFO DEMO_NOPECommerce - ********Comments Given*********
2023-02-07 00:46:39,173 [main] INFO DEMO_NOPECommerce - ********Vendor Given*********
2023-02-07 00:46:43,468 [main] INFO DEMO_NOPECommerce - ********Clicked on Save Button*********
2023-02-07 00:46:46,533 [main] INFO DEMO_NOPECommerce - ********Customer added is Validated*********
2023-02-07 00:46:46,533 [main] INFO DEMO_NOPECommerce - ******** Browser Closing *********
2023-02-07 00:47:03,343 [main] INFO DEMO_NOPECommerce - ********URL Is Opened*********
2023-02-07 00:47:03,343 [main] INFO DEMO_NOPECommerce - ********Providing Names*********
2023-02-07 00:47:04,493 [main] INFO DEMO_NOPECommerce - ********Clicking Login *********
2023-02-07 00:47:22,347 [main] INFO DEMO_NOPECommerce - ******** LogOut Clicking *********
2023-02-07 00:47:30,970 [main] INFO DEMO_NOPECommerce - ******** Browser Closing *********
